[debug] [2023-04-02T23:58:21.931Z] ----------------------------------------------------------------------
[debug] [2023-04-02T23:58:21.932Z] Command:       C:\Program Files\nodejs\node.exe C:\Users\mundo\AppData\Roaming\npm\node_modules\firebase-tools\lib\bin\firebase.js deploy
[debug] [2023-04-02T23:58:21.932Z] CLI Version:   11.24.1
[debug] [2023-04-02T23:58:21.933Z] Platform:      win32
[debug] [2023-04-02T23:58:21.933Z] Node Version:  v16.15.1
[debug] [2023-04-02T23:58:21.933Z] Time:          Sun Apr 02 2023 19:58:21 GMT-0400 (hora de verano de Cuba)
[debug] [2023-04-02T23:58:21.933Z] ----------------------------------------------------------------------
[debug] 
[debug] [2023-04-02T23:58:21.936Z] >>> [apiv2][query] GET https://firebase-public.firebaseio.com/cli.json [none]
[debug] [2023-04-02T23:58:22.002Z] > command requires scopes: ["email","openid","https://www.googleapis.com/auth/cloudplatformprojects.readonly","https://www.googleapis.com/auth/firebase","https://www.googleapis.com/auth/cloud-platform"]
[debug] [2023-04-02T23:58:22.002Z] > authorizing via signed-in user (redakdev@gmail.com)
[debug] [2023-04-02T23:58:22.003Z] [iam] checking project kader-gomez-dev for permissions ["firebase.projects.get","firebasehosting.sites.update"]
[debug] [2023-04-02T23:58:22.003Z] > refreshing access token with scopes: []
[debug] [2023-04-02T23:58:22.004Z] >>> [apiv2][query] POST https://www.googleapis.com/oauth2/v3/token [none]
[debug] [2023-04-02T23:58:22.004Z] >>> [apiv2][body] POST https://www.googleapis.com/oauth2/v3/token [omitted]
[warn] !  Unable to fetch the CLI MOTD and remote config. 
[debug] [2023-04-02T23:58:22.312Z] Failed to fetch MOTD FirebaseError: Failed to make request to https://firebase-public.firebaseio.com/cli.json
[debug] [2023-04-02T23:58:22.750Z] <<< [apiv2][status] POST https://www.googleapis.com/oauth2/v3/token 200
[debug] [2023-04-02T23:58:22.750Z] <<< [apiv2][body] POST https://www.googleapis.com/oauth2/v3/token [omitted]
[debug] [2023-04-02T23:58:22.766Z] >>> [apiv2][query] POST https://cloudresourcemanager.googleapis.com/v1/projects/kader-gomez-dev:testIamPermissions [none]
[debug] [2023-04-02T23:58:22.766Z] >>> [apiv2][(partial)header] POST https://cloudresourcemanager.googleapis.com/v1/projects/kader-gomez-dev:testIamPermissions x-goog-quota-user=projects/kader-gomez-dev
[debug] [2023-04-02T23:58:22.766Z] >>> [apiv2][body] POST https://cloudresourcemanager.googleapis.com/v1/projects/kader-gomez-dev:testIamPermissions {"permissions":["firebase.projects.get","firebasehosting.sites.update"]}
[debug] [2023-04-02T23:58:23.561Z] <<< [apiv2][status] POST https://cloudresourcemanager.googleapis.com/v1/projects/kader-gomez-dev:testIamPermissions 403
[debug] [2023-04-02T23:58:23.561Z] <<< [apiv2][body] POST https://cloudresourcemanager.googleapis.com/v1/projects/kader-gomez-dev:testIamPermissions "<!DOCTYPE html>\n<html lang=en>\n  <meta charset=utf-8>\n  <meta name=viewport content=\"initial-scale=1, minimum-scale=1, width=device-width\">\n  <title>Error 403 (Forbidden)!!1</title>\n  <style>\n    *{margin:0;padding:0}html,code{font:15px/22px arial,sans-serif}html{background:#fff;color:#222;padding:15px}body{margin:7% auto 0;max-width:390px;min-height:180px;padding:30px 0 15px}* > body{background:url(//www.google.com/images/errors/robot.png) 100% 5px no-repeat;padding-right:205px}p{margin:11px 0 22px;overflow:hidden}ins{color:#777;text-decoration:none}a img{border:0}@media screen and (max-width:772px){body{background:none;margin-top:0;max-width:none;padding-right:0}}#logo{background:url(//www.google.com/images/branding/googlelogo/1x/googlelogo_color_150x54dp.png) no-repeat;margin-left:-5px}@media only screen and (min-resolution:192dpi){#logo{background:url(//www.google.com/images/branding/googlelogo/2x/googlelogo_color_150x54dp.png) no-repeat 0% 0%/100% 100%;-moz-border-image:url(//www.google.com/images/branding/googlelogo/2x/googlelogo_color_150x54dp.png) 0}}@media only screen and (-webkit-min-device-pixel-ratio:2){#logo{background:url(//www.google.com/images/branding/googlelogo/2x/googlelogo_color_150x54dp.png) no-repeat;-webkit-background-size:100% 100%}}#logo{display:inline-block;height:54px;width:150px}\n  </style>\n  <a href=//www.google.com/><span id=logo aria-label=Google></span></a>\n  <p><b>403.</b> <ins>That’s an error.</ins>\n  <p>Your client does not have permission to get URL <code>/v1/projects/kader-gomez-dev:testIamPermissions</code> from this server.  <ins>That’s all we know.</ins>\n"
[debug] [2023-04-02T23:58:23.562Z] [iam] error while checking permissions, command may fail: FirebaseError: Unable to parse JSON: SyntaxError: Unexpected token < in JSON at position 0
[debug] [2023-04-02T23:58:23.562Z] >>> [apiv2][query] GET https://firebase.googleapis.com/v1beta1/projects/kader-gomez-dev [none]
[debug] [2023-04-02T23:58:24.497Z] <<< [apiv2][status] GET https://firebase.googleapis.com/v1beta1/projects/kader-gomez-dev 403
[debug] [2023-04-02T23:58:24.497Z] <<< [apiv2][body] GET https://firebase.googleapis.com/v1beta1/projects/kader-gomez-dev "<!DOCTYPE html>\n<html lang=en>\n  <meta charset=utf-8>\n  <meta name=viewport content=\"initial-scale=1, minimum-scale=1, width=device-width\">\n  <title>Error 403 (Forbidden)!!1</title>\n  <style>\n    *{margin:0;padding:0}html,code{font:15px/22px arial,sans-serif}html{background:#fff;color:#222;padding:15px}body{margin:7% auto 0;max-width:390px;min-height:180px;padding:30px 0 15px}* > body{background:url(//www.google.com/images/errors/robot.png) 100% 5px no-repeat;padding-right:205px}p{margin:11px 0 22px;overflow:hidden}ins{color:#777;text-decoration:none}a img{border:0}@media screen and (max-width:772px){body{background:none;margin-top:0;max-width:none;padding-right:0}}#logo{background:url(//www.google.com/images/branding/googlelogo/1x/googlelogo_color_150x54dp.png) no-repeat;margin-left:-5px}@media only screen and (min-resolution:192dpi){#logo{background:url(//www.google.com/images/branding/googlelogo/2x/googlelogo_color_150x54dp.png) no-repeat 0% 0%/100% 100%;-moz-border-image:url(//www.google.com/images/branding/googlelogo/2x/googlelogo_color_150x54dp.png) 0}}@media only screen and (-webkit-min-device-pixel-ratio:2){#logo{background:url(//www.google.com/images/branding/googlelogo/2x/googlelogo_color_150x54dp.png) no-repeat;-webkit-background-size:100% 100%}}#logo{display:inline-block;height:54px;width:150px}\n  </style>\n  <a href=//www.google.com/><span id=logo aria-label=Google></span></a>\n  <p><b>403.</b> <ins>That’s an error.</ins>\n  <p>Your client does not have permission to get URL <code>/v1beta1/projects/kader-gomez-dev</code> from this server.  <ins>That’s all we know.</ins>\n"
[debug] [2023-04-02T23:58:24.497Z] Unable to parse JSON: SyntaxError: Unexpected token < in JSON at position 0
[debug] [2023-04-02T23:58:25.923Z] FirebaseError: Unable to parse JSON: SyntaxError: Unexpected token < in JSON at position 0
    at RetryOperation._fn (C:\Users\mundo\AppData\Roaming\npm\node_modules\firebase-tools\lib\apiv2.js:260:39)
    at processTicksAndRejections (node:internal/process/task_queues:96:5)
[error] 
[error] Error: Failed to get Firebase project kader-gomez-dev. Please make sure the project exists and your account has permission to access it.
